<?xml version="1.0" encoding="UTF-8"?>
<!-- Generated by org.testng.reporters.JUnitReportReporter -->
<testsuite hostname="Viswa" failures="0" tests="4" name="GETAPIs.GETAPIWithPathParameter" time="3.492" errors="0" timestamp="2024-02-11T21:00:44 IST" skipped="0">
  <testcase classname="GETAPIs.GETAPIWithPathParameter" name="getCircuitDataWithPathparam_Year_DataProvider" time="0.373"/>
  <testcase classname="GETAPIs.GETAPIWithPathParameter" name="getCircuitDataWithPathparam_Year_DataProvider" time="2.284"/>
  <testcase classname="GETAPIs.GETAPIWithPathParameter" name="getCircuitDataWithPathparam_Year_DataProvider" time="0.423"/>
  <testcase classname="GETAPIs.GETAPIWithPathParameter" name="getCircuitDataWithPathparam_Year_DataProvider" time="0.412"/>
</testsuite> <!-- GETAPIs.GETAPIWithPathParameter -->
