<?xml version="1.0" encoding="UTF-8"?>
<!-- Generated by org.testng.reporters.JUnitReportReporter -->
<testsuite hostname="Viswa" failures="0" tests="1" name="GETAPIs.GETAllUsersAPIrestTest" time="1.808" errors="0" timestamp="2024-02-11T08:42:54 IST" skipped="0">
  <testcase classname="GETAPIs.GETAllUsersAPIrestTest" name="getUserWithqueryparameter_WithhashMap_APITest" time="1.808"/>
</testsuite> <!-- GETAPIs.GETAllUsersAPIrestTest -->
