<?xml version="1.0" encoding="UTF-8"?>
<!-- Generated by org.testng.reporters.JUnitReportReporter -->
<testsuite hostname="Viswa" failures="0" tests="1" name="ProductAPI.ProductLambokTest" time="2.109" errors="0" timestamp="2024-02-18T21:11:16 IST" skipped="0">
  <testcase classname="ProductAPI.ProductLambokTest" name="getProductsTestWithPOJO_LOMBOK" time="2.109"/>
</testsuite> <!-- ProductAPI.ProductLambokTest -->
