<?xml version="1.0" encoding="UTF-8"?>
<!-- Generated by org.testng.reporters.JUnitReportReporter -->
<testsuite hostname="Viswa" failures="0" tests="1" name="FakeAPI.Lombok" time="2.186" errors="0" timestamp="2024-02-17T22:08:08 IST" skipped="0">
  <testcase classname="FakeAPI.Lombok" name="getProductsTestWithPOJO_LOMBOK" time="2.186"/>
</testsuite> <!-- FakeAPI.Lombok -->
