<?xml version="1.0" encoding="UTF-8"?>
<!-- Generated by org.testng.reporters.JUnitReportReporter -->
<testsuite hostname="Viswa" failures="0" tests="1" name="GETAPIs.GETAPIrestTest" time="1.784" errors="0" timestamp="2024-02-10T21:12:27 IST" skipped="0">
  <testcase classname="GETAPIs.GETAPIrestTest" name="getUserAPITest" time="1.784"/>
</testsuite> <!-- GETAPIs.GETAPIrestTest -->
