<?xml version="1.0" encoding="UTF-8"?>
<!-- Generated by org.testng.reporters.JUnitReportReporter -->
<testsuite hostname="Viswa" failures="0" tests="1" name="GETAPIs.GETrestAPIWithBDD" time="2.318" errors="0" timestamp="2024-02-11T21:03:29 IST" skipped="0">
  <testcase classname="GETAPIs.GETrestAPIWithBDD" name="getuserAPIWit_Extractbody_withJson_Extract" time="2.318"/>
</testsuite> <!-- GETAPIs.GETrestAPIWithBDD -->
